Determining if the pthread_create exist failed with the following output:
Change Dir: /mnt/dav/Projekt/Software/Raspberry PI/build_isolated/roscpp_traits/CMakeFiles/CMakeTmp

Run Build Command:"/usr/bin/make" "cmTryCompileExec471284937/fast"
/usr/bin/make -f CMakeFiles/cmTryCompileExec471284937.dir/build.make CMakeFiles/cmTryCompileExec471284937.dir/build
make[1]: Entering directory '/mnt/dav/Projekt/Software/Raspberry PI/build_isolated/roscpp_traits/CMakeFiles/CMakeTmp'
/usr/bin/cmake -E cmake_progress_report "/mnt/dav/Projekt/Software/Raspberry PI/build_isolated/roscpp_traits/CMakeFiles/CMakeTmp/CMakeFiles" 1
Building C object CMakeFiles/cmTryCompileExec471284937.dir/CheckSymbolExists.c.o
/usr/bin/cc    -o CMakeFiles/cmTryCompileExec471284937.dir/CheckSymbolExists.c.o   -c "/mnt/dav/Projekt/Software/Raspberry PI/build_isolated/roscpp_traits/CMakeFiles/CMakeTmp/CheckSymbolExists.c"
Linking C executable cmTryCompileExec471284937
/usr/bin/cmake -E cmake_link_script CMakeFiles/cmTryCompileExec471284937.dir/link.txt --verbose=1
/usr/bin/cc       CMakeFiles/cmTryCompileExec471284937.dir/CheckSymbolExists.c.o  -o cmTryCompileExec471284937 -rdynamic 
CMakeFiles/cmTryCompileExec471284937.dir/CheckSymbolExists.c.o: In function `main':
CheckSymbolExists.c:(.text+0x38): undefined reference to `pthread_create'
collect2: error: ld returned 1 exit status
CMakeFiles/cmTryCompileExec471284937.dir/build.make:88: recipe for target 'cmTryCompileExec471284937' failed
make[1]: Leaving directory '/mnt/dav/Projekt/Software/Raspberry PI/build_isolated/roscpp_traits/CMakeFiles/CMakeTmp'
make[1]: *** [cmTryCompileExec471284937] Error 1
Makefile:118: recipe for target 'cmTryCompileExec471284937/fast' failed
make: *** [cmTryCompileExec471284937/fast] Error 2

File /mnt/dav/Projekt/Software/Raspberry PI/build_isolated/roscpp_traits/CMakeFiles/CMakeTmp/CheckSymbolExists.c:
/* */
#include <pthread.h>

int main(int argc, char** argv)
{
  (void)argv;
#ifndef pthread_create
  return ((int*)(&pthread_create))[argc];
#else
  (void)argc;
  return 0;
#endif
}

Determining if the function pthread_create exists in the pthreads failed with the following output:
Change Dir: /mnt/dav/Projekt/Software/Raspberry PI/build_isolated/roscpp_traits/CMakeFiles/CMakeTmp

Run Build Command:"/usr/bin/make" "cmTryCompileExec636373276/fast"
/usr/bin/make -f CMakeFiles/cmTryCompileExec636373276.dir/build.make CMakeFiles/cmTryCompileExec636373276.dir/build
make[1]: Entering directory '/mnt/dav/Projekt/Software/Raspberry PI/build_isolated/roscpp_traits/CMakeFiles/CMakeTmp'
/usr/bin/cmake -E cmake_progress_report "/mnt/dav/Projekt/Software/Raspberry PI/build_isolated/roscpp_traits/CMakeFiles/CMakeTmp/CMakeFiles" 1
Building C object CMakeFiles/cmTryCompileExec636373276.dir/CheckFunctionExists.c.o
/usr/bin/cc   -DCHECK_FUNCTION_EXISTS=pthread_create   -o CMakeFiles/cmTryCompileExec636373276.dir/CheckFunctionExists.c.o   -c /usr/share/cmake-3.0/Modules/CheckFunctionExists.c
Linking C executable cmTryCompileExec636373276
/usr/bin/cmake -E cmake_link_script CMakeFiles/cmTryCompileExec636373276.dir/link.txt --verbose=1
/usr/bin/cc   -DCHECK_FUNCTION_EXISTS=pthread_create    CMakeFiles/cmTryCompileExec636373276.dir/CheckFunctionExists.c.o  -o cmTryCompileExec636373276 -rdynamic -lpthreads 
/usr/bin/ld: cannot find -lpthreads
collect2: error: ld returned 1 exit status
CMakeFiles/cmTryCompileExec636373276.dir/build.make:88: recipe for target 'cmTryCompileExec636373276' failed
make[1]: Leaving directory '/mnt/dav/Projekt/Software/Raspberry PI/build_isolated/roscpp_traits/CMakeFiles/CMakeTmp'
make[1]: *** [cmTryCompileExec636373276] Error 1
Makefile:118: recipe for target 'cmTryCompileExec636373276/fast' failed
make: *** [cmTryCompileExec636373276/fast] Error 2


