Determining if the pthread_create exist failed with the following output:
Change Dir: /mnt/dav/Projekt/Software/Raspberry PI/build_isolated/rospack/CMakeFiles/CMakeTmp

Run Build Command:"/usr/bin/make" "cmTryCompileExec1895310767/fast"
/usr/bin/make -f CMakeFiles/cmTryCompileExec1895310767.dir/build.make CMakeFiles/cmTryCompileExec1895310767.dir/build
make[1]: Entering directory '/mnt/dav/Projekt/Software/Raspberry PI/build_isolated/rospack/CMakeFiles/CMakeTmp'
/usr/bin/cmake -E cmake_progress_report "/mnt/dav/Projekt/Software/Raspberry PI/build_isolated/rospack/CMakeFiles/CMakeTmp/CMakeFiles" 1
Building C object CMakeFiles/cmTryCompileExec1895310767.dir/CheckSymbolExists.c.o
/usr/bin/cc    -o CMakeFiles/cmTryCompileExec1895310767.dir/CheckSymbolExists.c.o   -c "/mnt/dav/Projekt/Software/Raspberry PI/build_isolated/rospack/CMakeFiles/CMakeTmp/CheckSymbolExists.c"
Linking C executable cmTryCompileExec1895310767
/usr/bin/cmake -E cmake_link_script CMakeFiles/cmTryCompileExec1895310767.dir/link.txt --verbose=1
/usr/bin/cc       CMakeFiles/cmTryCompileExec1895310767.dir/CheckSymbolExists.c.o  -o cmTryCompileExec1895310767 -rdynamic 
CMakeFiles/cmTryCompileExec1895310767.dir/CheckSymbolExists.c.o: In function `main':
CheckSymbolExists.c:(.text+0x38): undefined reference to `pthread_create'
collect2: error: ld returned 1 exit status
CMakeFiles/cmTryCompileExec1895310767.dir/build.make:88: recipe for target 'cmTryCompileExec1895310767' failed
make[1]: Leaving directory '/mnt/dav/Projekt/Software/Raspberry PI/build_isolated/rospack/CMakeFiles/CMakeTmp'
make[1]: *** [cmTryCompileExec1895310767] Error 1
Makefile:118: recipe for target 'cmTryCompileExec1895310767/fast' failed
make: *** [cmTryCompileExec1895310767/fast] Error 2

File /mnt/dav/Projekt/Software/Raspberry PI/build_isolated/rospack/CMakeFiles/CMakeTmp/CheckSymbolExists.c:
/* */
#include <pthread.h>

int main(int argc, char** argv)
{
  (void)argv;
#ifndef pthread_create
  return ((int*)(&pthread_create))[argc];
#else
  (void)argc;
  return 0;
#endif
}

Determining if the function pthread_create exists in the pthreads failed with the following output:
Change Dir: /mnt/dav/Projekt/Software/Raspberry PI/build_isolated/rospack/CMakeFiles/CMakeTmp

Run Build Command:"/usr/bin/make" "cmTryCompileExec436213871/fast"
/usr/bin/make -f CMakeFiles/cmTryCompileExec436213871.dir/build.make CMakeFiles/cmTryCompileExec436213871.dir/build
make[1]: Entering directory '/mnt/dav/Projekt/Software/Raspberry PI/build_isolated/rospack/CMakeFiles/CMakeTmp'
/usr/bin/cmake -E cmake_progress_report "/mnt/dav/Projekt/Software/Raspberry PI/build_isolated/rospack/CMakeFiles/CMakeTmp/CMakeFiles" 1
Building C object CMakeFiles/cmTryCompileExec436213871.dir/CheckFunctionExists.c.o
/usr/bin/cc   -DCHECK_FUNCTION_EXISTS=pthread_create   -o CMakeFiles/cmTryCompileExec436213871.dir/CheckFunctionExists.c.o   -c /usr/share/cmake-3.0/Modules/CheckFunctionExists.c
Linking C executable cmTryCompileExec436213871
/usr/bin/cmake -E cmake_link_script CMakeFiles/cmTryCompileExec436213871.dir/link.txt --verbose=1
/usr/bin/cc   -DCHECK_FUNCTION_EXISTS=pthread_create    CMakeFiles/cmTryCompileExec436213871.dir/CheckFunctionExists.c.o  -o cmTryCompileExec436213871 -rdynamic -lpthreads 
/usr/bin/ld: cannot find -lpthreads
collect2: error: ld returned 1 exit status
CMakeFiles/cmTryCompileExec436213871.dir/build.make:88: recipe for target 'cmTryCompileExec436213871' failed
make[1]: Leaving directory '/mnt/dav/Projekt/Software/Raspberry PI/build_isolated/rospack/CMakeFiles/CMakeTmp'
make[1]: *** [cmTryCompileExec436213871] Error 1
Makefile:118: recipe for target 'cmTryCompileExec436213871/fast' failed
make: *** [cmTryCompileExec436213871/fast] Error 2


