Determining if the pthread_create exist failed with the following output:
Change Dir: /mnt/dav/Projekt/Software/Raspberry PI/build_isolated/roscpp/CMakeFiles/CMakeTmp

Run Build Command:"/usr/bin/make" "cmTryCompileExec1090742689/fast"
/usr/bin/make -f CMakeFiles/cmTryCompileExec1090742689.dir/build.make CMakeFiles/cmTryCompileExec1090742689.dir/build
make[1]: Entering directory '/mnt/dav/Projekt/Software/Raspberry PI/build_isolated/roscpp/CMakeFiles/CMakeTmp'
/usr/bin/cmake -E cmake_progress_report "/mnt/dav/Projekt/Software/Raspberry PI/build_isolated/roscpp/CMakeFiles/CMakeTmp/CMakeFiles" 1
Building C object CMakeFiles/cmTryCompileExec1090742689.dir/CheckSymbolExists.c.o
/usr/bin/cc    -o CMakeFiles/cmTryCompileExec1090742689.dir/CheckSymbolExists.c.o   -c "/mnt/dav/Projekt/Software/Raspberry PI/build_isolated/roscpp/CMakeFiles/CMakeTmp/CheckSymbolExists.c"
Linking C executable cmTryCompileExec1090742689
/usr/bin/cmake -E cmake_link_script CMakeFiles/cmTryCompileExec1090742689.dir/link.txt --verbose=1
/usr/bin/cc       CMakeFiles/cmTryCompileExec1090742689.dir/CheckSymbolExists.c.o  -o cmTryCompileExec1090742689 -rdynamic 
CMakeFiles/cmTryCompileExec1090742689.dir/CheckSymbolExists.c.o: In function `main':
CheckSymbolExists.c:(.text+0x38): undefined reference to `pthread_create'
collect2: error: ld returned 1 exit status
CMakeFiles/cmTryCompileExec1090742689.dir/build.make:88: recipe for target 'cmTryCompileExec1090742689' failed
make[1]: Leaving directory '/mnt/dav/Projekt/Software/Raspberry PI/build_isolated/roscpp/CMakeFiles/CMakeTmp'
make[1]: *** [cmTryCompileExec1090742689] Error 1
Makefile:118: recipe for target 'cmTryCompileExec1090742689/fast' failed
make: *** [cmTryCompileExec1090742689/fast] Error 2

File /mnt/dav/Projekt/Software/Raspberry PI/build_isolated/roscpp/CMakeFiles/CMakeTmp/CheckSymbolExists.c:
/* */
#include <pthread.h>

int main(int argc, char** argv)
{
  (void)argv;
#ifndef pthread_create
  return ((int*)(&pthread_create))[argc];
#else
  (void)argc;
  return 0;
#endif
}

Determining if the function pthread_create exists in the pthreads failed with the following output:
Change Dir: /mnt/dav/Projekt/Software/Raspberry PI/build_isolated/roscpp/CMakeFiles/CMakeTmp

Run Build Command:"/usr/bin/make" "cmTryCompileExec1671501271/fast"
/usr/bin/make -f CMakeFiles/cmTryCompileExec1671501271.dir/build.make CMakeFiles/cmTryCompileExec1671501271.dir/build
make[1]: Entering directory '/mnt/dav/Projekt/Software/Raspberry PI/build_isolated/roscpp/CMakeFiles/CMakeTmp'
/usr/bin/cmake -E cmake_progress_report "/mnt/dav/Projekt/Software/Raspberry PI/build_isolated/roscpp/CMakeFiles/CMakeTmp/CMakeFiles" 1
Building C object CMakeFiles/cmTryCompileExec1671501271.dir/CheckFunctionExists.c.o
/usr/bin/cc   -DCHECK_FUNCTION_EXISTS=pthread_create   -o CMakeFiles/cmTryCompileExec1671501271.dir/CheckFunctionExists.c.o   -c /usr/share/cmake-3.0/Modules/CheckFunctionExists.c
Linking C executable cmTryCompileExec1671501271
/usr/bin/cmake -E cmake_link_script CMakeFiles/cmTryCompileExec1671501271.dir/link.txt --verbose=1
/usr/bin/cc   -DCHECK_FUNCTION_EXISTS=pthread_create    CMakeFiles/cmTryCompileExec1671501271.dir/CheckFunctionExists.c.o  -o cmTryCompileExec1671501271 -rdynamic -lpthreads 
/usr/bin/ld: cannot find -lpthreads
collect2: error: ld returned 1 exit status
CMakeFiles/cmTryCompileExec1671501271.dir/build.make:88: recipe for target 'cmTryCompileExec1671501271' failed
make[1]: Leaving directory '/mnt/dav/Projekt/Software/Raspberry PI/build_isolated/roscpp/CMakeFiles/CMakeTmp'
make[1]: *** [cmTryCompileExec1671501271] Error 1
Makefile:118: recipe for target 'cmTryCompileExec1671501271/fast' failed
make: *** [cmTryCompileExec1671501271/fast] Error 2


Determining if the function trunc exists failed with the following output:
Change Dir: /mnt/dav/Projekt/Software/Raspberry PI/build_isolated/roscpp/CMakeFiles/CMakeTmp

Run Build Command:"/usr/bin/make" "cmTryCompileExec4209513771/fast"
/usr/bin/make -f CMakeFiles/cmTryCompileExec4209513771.dir/build.make CMakeFiles/cmTryCompileExec4209513771.dir/build
make[1]: Entering directory '/mnt/dav/Projekt/Software/Raspberry PI/build_isolated/roscpp/CMakeFiles/CMakeTmp'
/usr/bin/cmake -E cmake_progress_report "/mnt/dav/Projekt/Software/Raspberry PI/build_isolated/roscpp/CMakeFiles/CMakeTmp/CMakeFiles" 1
Building C object CMakeFiles/cmTryCompileExec4209513771.dir/CheckFunctionExists.c.o
/usr/bin/cc   -DCHECK_FUNCTION_EXISTS=trunc   -o CMakeFiles/cmTryCompileExec4209513771.dir/CheckFunctionExists.c.o   -c /usr/share/cmake-3.0/Modules/CheckFunctionExists.c
<command-line>:0:23: warning: conflicting types for built-in function ‘trunc’
/usr/share/cmake-3.0/Modules/CheckFunctionExists.c:3:6: note: in expansion of macro ‘CHECK_FUNCTION_EXISTS’
 char CHECK_FUNCTION_EXISTS();
      ^
Linking C executable cmTryCompileExec4209513771
/usr/bin/cmake -E cmake_link_script CMakeFiles/cmTryCompileExec4209513771.dir/link.txt --verbose=1
/usr/bin/cc   -DCHECK_FUNCTION_EXISTS=trunc    CMakeFiles/cmTryCompileExec4209513771.dir/CheckFunctionExists.c.o  -o cmTryCompileExec4209513771 -rdynamic 
CMakeFiles/cmTryCompileExec4209513771.dir/CheckFunctionExists.c.o: In function `main':
CheckFunctionExists.c:(.text+0x14): undefined reference to `trunc'
collect2: error: ld returned 1 exit status
CMakeFiles/cmTryCompileExec4209513771.dir/build.make:88: recipe for target 'cmTryCompileExec4209513771' failed
make[1]: Leaving directory '/mnt/dav/Projekt/Software/Raspberry PI/build_isolated/roscpp/CMakeFiles/CMakeTmp'
make[1]: *** [cmTryCompileExec4209513771] Error 1
Makefile:118: recipe for target 'cmTryCompileExec4209513771/fast' failed
make: *** [cmTryCompileExec4209513771/fast] Error 2


