Determining if the pthread_create exist failed with the following output:
Change Dir: /mnt/dav/Projekt/Software/Raspberry PI/build_isolated/roslaunch/CMakeFiles/CMakeTmp

Run Build Command:"/usr/bin/make" "cmTryCompileExec993674133/fast"
/usr/bin/make -f CMakeFiles/cmTryCompileExec993674133.dir/build.make CMakeFiles/cmTryCompileExec993674133.dir/build
make[1]: Entering directory '/mnt/dav/Projekt/Software/Raspberry PI/build_isolated/roslaunch/CMakeFiles/CMakeTmp'
/usr/bin/cmake -E cmake_progress_report "/mnt/dav/Projekt/Software/Raspberry PI/build_isolated/roslaunch/CMakeFiles/CMakeTmp/CMakeFiles" 1
Building C object CMakeFiles/cmTryCompileExec993674133.dir/CheckSymbolExists.c.o
/usr/bin/cc    -o CMakeFiles/cmTryCompileExec993674133.dir/CheckSymbolExists.c.o   -c "/mnt/dav/Projekt/Software/Raspberry PI/build_isolated/roslaunch/CMakeFiles/CMakeTmp/CheckSymbolExists.c"
Linking C executable cmTryCompileExec993674133
/usr/bin/cmake -E cmake_link_script CMakeFiles/cmTryCompileExec993674133.dir/link.txt --verbose=1
/usr/bin/cc       CMakeFiles/cmTryCompileExec993674133.dir/CheckSymbolExists.c.o  -o cmTryCompileExec993674133 -rdynamic 
CMakeFiles/cmTryCompileExec993674133.dir/CheckSymbolExists.c.o: In function `main':
CheckSymbolExists.c:(.text+0x38): undefined reference to `pthread_create'
collect2: error: ld returned 1 exit status
CMakeFiles/cmTryCompileExec993674133.dir/build.make:88: recipe for target 'cmTryCompileExec993674133' failed
make[1]: Leaving directory '/mnt/dav/Projekt/Software/Raspberry PI/build_isolated/roslaunch/CMakeFiles/CMakeTmp'
make[1]: *** [cmTryCompileExec993674133] Error 1
Makefile:118: recipe for target 'cmTryCompileExec993674133/fast' failed
make: *** [cmTryCompileExec993674133/fast] Error 2

File /mnt/dav/Projekt/Software/Raspberry PI/build_isolated/roslaunch/CMakeFiles/CMakeTmp/CheckSymbolExists.c:
/* */
#include <pthread.h>

int main(int argc, char** argv)
{
  (void)argv;
#ifndef pthread_create
  return ((int*)(&pthread_create))[argc];
#else
  (void)argc;
  return 0;
#endif
}

Determining if the function pthread_create exists in the pthreads failed with the following output:
Change Dir: /mnt/dav/Projekt/Software/Raspberry PI/build_isolated/roslaunch/CMakeFiles/CMakeTmp

Run Build Command:"/usr/bin/make" "cmTryCompileExec664479533/fast"
/usr/bin/make -f CMakeFiles/cmTryCompileExec664479533.dir/build.make CMakeFiles/cmTryCompileExec664479533.dir/build
make[1]: Entering directory '/mnt/dav/Projekt/Software/Raspberry PI/build_isolated/roslaunch/CMakeFiles/CMakeTmp'
/usr/bin/cmake -E cmake_progress_report "/mnt/dav/Projekt/Software/Raspberry PI/build_isolated/roslaunch/CMakeFiles/CMakeTmp/CMakeFiles" 1
Building C object CMakeFiles/cmTryCompileExec664479533.dir/CheckFunctionExists.c.o
/usr/bin/cc   -DCHECK_FUNCTION_EXISTS=pthread_create   -o CMakeFiles/cmTryCompileExec664479533.dir/CheckFunctionExists.c.o   -c /usr/share/cmake-3.0/Modules/CheckFunctionExists.c
Linking C executable cmTryCompileExec664479533
/usr/bin/cmake -E cmake_link_script CMakeFiles/cmTryCompileExec664479533.dir/link.txt --verbose=1
/usr/bin/cc   -DCHECK_FUNCTION_EXISTS=pthread_create    CMakeFiles/cmTryCompileExec664479533.dir/CheckFunctionExists.c.o  -o cmTryCompileExec664479533 -rdynamic -lpthreads 
/usr/bin/ld: cannot find -lpthreads
collect2: error: ld returned 1 exit status
CMakeFiles/cmTryCompileExec664479533.dir/build.make:88: recipe for target 'cmTryCompileExec664479533' failed
make[1]: Leaving directory '/mnt/dav/Projekt/Software/Raspberry PI/build_isolated/roslaunch/CMakeFiles/CMakeTmp'
make[1]: *** [cmTryCompileExec664479533] Error 1
Makefile:118: recipe for target 'cmTryCompileExec664479533/fast' failed
make: *** [cmTryCompileExec664479533/fast] Error 2


