Determining if the pthread_create exist failed with the following output:
Change Dir: /mnt/dav/Projekt/Software/Raspberry PI/build_isolated/ros_comm/CMakeFiles/CMakeTmp

Run Build Command:"/usr/bin/make" "cmTryCompileExec413802294/fast"
/usr/bin/make -f CMakeFiles/cmTryCompileExec413802294.dir/build.make CMakeFiles/cmTryCompileExec413802294.dir/build
make[1]: Entering directory '/mnt/dav/Projekt/Software/Raspberry PI/build_isolated/ros_comm/CMakeFiles/CMakeTmp'
/usr/bin/cmake -E cmake_progress_report "/mnt/dav/Projekt/Software/Raspberry PI/build_isolated/ros_comm/CMakeFiles/CMakeTmp/CMakeFiles" 1
Building C object CMakeFiles/cmTryCompileExec413802294.dir/CheckSymbolExists.c.o
/usr/bin/cc    -o CMakeFiles/cmTryCompileExec413802294.dir/CheckSymbolExists.c.o   -c "/mnt/dav/Projekt/Software/Raspberry PI/build_isolated/ros_comm/CMakeFiles/CMakeTmp/CheckSymbolExists.c"
Linking C executable cmTryCompileExec413802294
/usr/bin/cmake -E cmake_link_script CMakeFiles/cmTryCompileExec413802294.dir/link.txt --verbose=1
/usr/bin/cc       CMakeFiles/cmTryCompileExec413802294.dir/CheckSymbolExists.c.o  -o cmTryCompileExec413802294 -rdynamic 
CMakeFiles/cmTryCompileExec413802294.dir/CheckSymbolExists.c.o: In function `main':
CheckSymbolExists.c:(.text+0x38): undefined reference to `pthread_create'
collect2: error: ld returned 1 exit status
CMakeFiles/cmTryCompileExec413802294.dir/build.make:88: recipe for target 'cmTryCompileExec413802294' failed
make[1]: Leaving directory '/mnt/dav/Projekt/Software/Raspberry PI/build_isolated/ros_comm/CMakeFiles/CMakeTmp'
make[1]: *** [cmTryCompileExec413802294] Error 1
Makefile:118: recipe for target 'cmTryCompileExec413802294/fast' failed
make: *** [cmTryCompileExec413802294/fast] Error 2

File /mnt/dav/Projekt/Software/Raspberry PI/build_isolated/ros_comm/CMakeFiles/CMakeTmp/CheckSymbolExists.c:
/* */
#include <pthread.h>

int main(int argc, char** argv)
{
  (void)argv;
#ifndef pthread_create
  return ((int*)(&pthread_create))[argc];
#else
  (void)argc;
  return 0;
#endif
}

Determining if the function pthread_create exists in the pthreads failed with the following output:
Change Dir: /mnt/dav/Projekt/Software/Raspberry PI/build_isolated/ros_comm/CMakeFiles/CMakeTmp

Run Build Command:"/usr/bin/make" "cmTryCompileExec1388485300/fast"
/usr/bin/make -f CMakeFiles/cmTryCompileExec1388485300.dir/build.make CMakeFiles/cmTryCompileExec1388485300.dir/build
make[1]: Entering directory '/mnt/dav/Projekt/Software/Raspberry PI/build_isolated/ros_comm/CMakeFiles/CMakeTmp'
/usr/bin/cmake -E cmake_progress_report "/mnt/dav/Projekt/Software/Raspberry PI/build_isolated/ros_comm/CMakeFiles/CMakeTmp/CMakeFiles" 1
Building C object CMakeFiles/cmTryCompileExec1388485300.dir/CheckFunctionExists.c.o
/usr/bin/cc   -DCHECK_FUNCTION_EXISTS=pthread_create   -o CMakeFiles/cmTryCompileExec1388485300.dir/CheckFunctionExists.c.o   -c /usr/share/cmake-3.0/Modules/CheckFunctionExists.c
Linking C executable cmTryCompileExec1388485300
/usr/bin/cmake -E cmake_link_script CMakeFiles/cmTryCompileExec1388485300.dir/link.txt --verbose=1
/usr/bin/cc   -DCHECK_FUNCTION_EXISTS=pthread_create    CMakeFiles/cmTryCompileExec1388485300.dir/CheckFunctionExists.c.o  -o cmTryCompileExec1388485300 -rdynamic -lpthreads 
/usr/bin/ld: cannot find -lpthreads
collect2: error: ld returned 1 exit status
CMakeFiles/cmTryCompileExec1388485300.dir/build.make:88: recipe for target 'cmTryCompileExec1388485300' failed
make[1]: Leaving directory '/mnt/dav/Projekt/Software/Raspberry PI/build_isolated/ros_comm/CMakeFiles/CMakeTmp'
make[1]: *** [cmTryCompileExec1388485300] Error 1
Makefile:118: recipe for target 'cmTryCompileExec1388485300/fast' failed
make: *** [cmTryCompileExec1388485300/fast] Error 2


