Determining if the pthread_create exist failed with the following output:
Change Dir: /mnt/dav/Projekt/Software/Raspberry PI/build_isolated/rosservice/CMakeFiles/CMakeTmp

Run Build Command:"/usr/bin/make" "cmTryCompileExec2411112603/fast"
/usr/bin/make -f CMakeFiles/cmTryCompileExec2411112603.dir/build.make CMakeFiles/cmTryCompileExec2411112603.dir/build
make[1]: Entering directory '/mnt/dav/Projekt/Software/Raspberry PI/build_isolated/rosservice/CMakeFiles/CMakeTmp'
/usr/bin/cmake -E cmake_progress_report "/mnt/dav/Projekt/Software/Raspberry PI/build_isolated/rosservice/CMakeFiles/CMakeTmp/CMakeFiles" 1
Building C object CMakeFiles/cmTryCompileExec2411112603.dir/CheckSymbolExists.c.o
/usr/bin/cc    -o CMakeFiles/cmTryCompileExec2411112603.dir/CheckSymbolExists.c.o   -c "/mnt/dav/Projekt/Software/Raspberry PI/build_isolated/rosservice/CMakeFiles/CMakeTmp/CheckSymbolExists.c"
Linking C executable cmTryCompileExec2411112603
/usr/bin/cmake -E cmake_link_script CMakeFiles/cmTryCompileExec2411112603.dir/link.txt --verbose=1
/usr/bin/cc       CMakeFiles/cmTryCompileExec2411112603.dir/CheckSymbolExists.c.o  -o cmTryCompileExec2411112603 -rdynamic 
CMakeFiles/cmTryCompileExec2411112603.dir/CheckSymbolExists.c.o: In function `main':
CheckSymbolExists.c:(.text+0x38): undefined reference to `pthread_create'
collect2: error: ld returned 1 exit status
CMakeFiles/cmTryCompileExec2411112603.dir/build.make:88: recipe for target 'cmTryCompileExec2411112603' failed
make[1]: Leaving directory '/mnt/dav/Projekt/Software/Raspberry PI/build_isolated/rosservice/CMakeFiles/CMakeTmp'
make[1]: *** [cmTryCompileExec2411112603] Error 1
Makefile:118: recipe for target 'cmTryCompileExec2411112603/fast' failed
make: *** [cmTryCompileExec2411112603/fast] Error 2

File /mnt/dav/Projekt/Software/Raspberry PI/build_isolated/rosservice/CMakeFiles/CMakeTmp/CheckSymbolExists.c:
/* */
#include <pthread.h>

int main(int argc, char** argv)
{
  (void)argv;
#ifndef pthread_create
  return ((int*)(&pthread_create))[argc];
#else
  (void)argc;
  return 0;
#endif
}

Determining if the function pthread_create exists in the pthreads failed with the following output:
Change Dir: /mnt/dav/Projekt/Software/Raspberry PI/build_isolated/rosservice/CMakeFiles/CMakeTmp

Run Build Command:"/usr/bin/make" "cmTryCompileExec426300747/fast"
/usr/bin/make -f CMakeFiles/cmTryCompileExec426300747.dir/build.make CMakeFiles/cmTryCompileExec426300747.dir/build
make[1]: Entering directory '/mnt/dav/Projekt/Software/Raspberry PI/build_isolated/rosservice/CMakeFiles/CMakeTmp'
/usr/bin/cmake -E cmake_progress_report "/mnt/dav/Projekt/Software/Raspberry PI/build_isolated/rosservice/CMakeFiles/CMakeTmp/CMakeFiles" 1
Building C object CMakeFiles/cmTryCompileExec426300747.dir/CheckFunctionExists.c.o
/usr/bin/cc   -DCHECK_FUNCTION_EXISTS=pthread_create   -o CMakeFiles/cmTryCompileExec426300747.dir/CheckFunctionExists.c.o   -c /usr/share/cmake-3.0/Modules/CheckFunctionExists.c
Linking C executable cmTryCompileExec426300747
/usr/bin/cmake -E cmake_link_script CMakeFiles/cmTryCompileExec426300747.dir/link.txt --verbose=1
/usr/bin/cc   -DCHECK_FUNCTION_EXISTS=pthread_create    CMakeFiles/cmTryCompileExec426300747.dir/CheckFunctionExists.c.o  -o cmTryCompileExec426300747 -rdynamic -lpthreads 
/usr/bin/ld: cannot find -lpthreads
collect2: error: ld returned 1 exit status
CMakeFiles/cmTryCompileExec426300747.dir/build.make:88: recipe for target 'cmTryCompileExec426300747' failed
make[1]: Leaving directory '/mnt/dav/Projekt/Software/Raspberry PI/build_isolated/rosservice/CMakeFiles/CMakeTmp'
make[1]: *** [cmTryCompileExec426300747] Error 1
Makefile:118: recipe for target 'cmTryCompileExec426300747/fast' failed
make: *** [cmTryCompileExec426300747/fast] Error 2


