Determining if the pthread_create exist failed with the following output:
Change Dir: /mnt/dav/Projekt/Software/Raspberry PI/build_isolated/cpp_common/CMakeFiles/CMakeTmp

Run Build Command:"/usr/bin/make" "cmTryCompileExec275282512/fast"
/usr/bin/make -f CMakeFiles/cmTryCompileExec275282512.dir/build.make CMakeFiles/cmTryCompileExec275282512.dir/build
make[1]: Entering directory '/mnt/dav/Projekt/Software/Raspberry PI/build_isolated/cpp_common/CMakeFiles/CMakeTmp'
/usr/bin/cmake -E cmake_progress_report "/mnt/dav/Projekt/Software/Raspberry PI/build_isolated/cpp_common/CMakeFiles/CMakeTmp/CMakeFiles" 1
Building C object CMakeFiles/cmTryCompileExec275282512.dir/CheckSymbolExists.c.o
/usr/bin/cc    -o CMakeFiles/cmTryCompileExec275282512.dir/CheckSymbolExists.c.o   -c "/mnt/dav/Projekt/Software/Raspberry PI/build_isolated/cpp_common/CMakeFiles/CMakeTmp/CheckSymbolExists.c"
Linking C executable cmTryCompileExec275282512
/usr/bin/cmake -E cmake_link_script CMakeFiles/cmTryCompileExec275282512.dir/link.txt --verbose=1
/usr/bin/cc       CMakeFiles/cmTryCompileExec275282512.dir/CheckSymbolExists.c.o  -o cmTryCompileExec275282512 -rdynamic 
CMakeFiles/cmTryCompileExec275282512.dir/CheckSymbolExists.c.o: In function `main':
CheckSymbolExists.c:(.text+0x38): undefined reference to `pthread_create'
collect2: error: ld returned 1 exit status
CMakeFiles/cmTryCompileExec275282512.dir/build.make:88: recipe for target 'cmTryCompileExec275282512' failed
make[1]: Leaving directory '/mnt/dav/Projekt/Software/Raspberry PI/build_isolated/cpp_common/CMakeFiles/CMakeTmp'
make[1]: *** [cmTryCompileExec275282512] Error 1
Makefile:118: recipe for target 'cmTryCompileExec275282512/fast' failed
make: *** [cmTryCompileExec275282512/fast] Error 2

File /mnt/dav/Projekt/Software/Raspberry PI/build_isolated/cpp_common/CMakeFiles/CMakeTmp/CheckSymbolExists.c:
/* */
#include <pthread.h>

int main(int argc, char** argv)
{
  (void)argv;
#ifndef pthread_create
  return ((int*)(&pthread_create))[argc];
#else
  (void)argc;
  return 0;
#endif
}

Determining if the function pthread_create exists in the pthreads failed with the following output:
Change Dir: /mnt/dav/Projekt/Software/Raspberry PI/build_isolated/cpp_common/CMakeFiles/CMakeTmp

Run Build Command:"/usr/bin/make" "cmTryCompileExec2377952220/fast"
/usr/bin/make -f CMakeFiles/cmTryCompileExec2377952220.dir/build.make CMakeFiles/cmTryCompileExec2377952220.dir/build
make[1]: Entering directory '/mnt/dav/Projekt/Software/Raspberry PI/build_isolated/cpp_common/CMakeFiles/CMakeTmp'
/usr/bin/cmake -E cmake_progress_report "/mnt/dav/Projekt/Software/Raspberry PI/build_isolated/cpp_common/CMakeFiles/CMakeTmp/CMakeFiles" 1
Building C object CMakeFiles/cmTryCompileExec2377952220.dir/CheckFunctionExists.c.o
/usr/bin/cc   -DCHECK_FUNCTION_EXISTS=pthread_create   -o CMakeFiles/cmTryCompileExec2377952220.dir/CheckFunctionExists.c.o   -c /usr/share/cmake-3.0/Modules/CheckFunctionExists.c
Linking C executable cmTryCompileExec2377952220
/usr/bin/cmake -E cmake_link_script CMakeFiles/cmTryCompileExec2377952220.dir/link.txt --verbose=1
/usr/bin/cc   -DCHECK_FUNCTION_EXISTS=pthread_create    CMakeFiles/cmTryCompileExec2377952220.dir/CheckFunctionExists.c.o  -o cmTryCompileExec2377952220 -rdynamic -lpthreads 
/usr/bin/ld: cannot find -lpthreads
collect2: error: ld returned 1 exit status
CMakeFiles/cmTryCompileExec2377952220.dir/build.make:88: recipe for target 'cmTryCompileExec2377952220' failed
make[1]: Leaving directory '/mnt/dav/Projekt/Software/Raspberry PI/build_isolated/cpp_common/CMakeFiles/CMakeTmp'
make[1]: *** [cmTryCompileExec2377952220] Error 1
Makefile:118: recipe for target 'cmTryCompileExec2377952220/fast' failed
make: *** [cmTryCompileExec2377952220/fast] Error 2


Performing C++ SOURCE FILE Test HAVE_CXXABI_H failed with the following output:
Change Dir: /mnt/dav/Projekt/Software/Raspberry PI/build_isolated/cpp_common/CMakeFiles/CMakeTmp

Run Build Command:"/usr/bin/make" "cmTryCompileExec3689648441/fast"
/usr/bin/make -f CMakeFiles/cmTryCompileExec3689648441.dir/build.make CMakeFiles/cmTryCompileExec3689648441.dir/build
make[1]: Entering directory '/mnt/dav/Projekt/Software/Raspberry PI/build_isolated/cpp_common/CMakeFiles/CMakeTmp'
/usr/bin/cmake -E cmake_progress_report "/mnt/dav/Projekt/Software/Raspberry PI/build_isolated/cpp_common/CMakeFiles/CMakeTmp/CMakeFiles" 1
Building CXX object CMakeFiles/cmTryCompileExec3689648441.dir/src.cxx.o
/usr/bin/c++    -DHAVE_CXXABI_H   -o CMakeFiles/cmTryCompileExec3689648441.dir/src.cxx.o -c "/mnt/dav/Projekt/Software/Raspberry PI/build_isolated/cpp_common/CMakeFiles/CMakeTmp/src.cxx"
/mnt/dav/Projekt/Software/Raspberry PI/build_isolated/cpp_common/CMakeFiles/CMakeTmp/src.cxx:2:8: error: expected constructor, destructor, or type conversion before ‘(’ token
 intmain(intargc,char**argv){}
        ^
CMakeFiles/cmTryCompileExec3689648441.dir/build.make:57: recipe for target 'CMakeFiles/cmTryCompileExec3689648441.dir/src.cxx.o' failed
make[1]: Leaving directory '/mnt/dav/Projekt/Software/Raspberry PI/build_isolated/cpp_common/CMakeFiles/CMakeTmp'
make[1]: *** [CMakeFiles/cmTryCompileExec3689648441.dir/src.cxx.o] Error 1
Makefile:118: recipe for target 'cmTryCompileExec3689648441/fast' failed
make: *** [cmTryCompileExec3689648441/fast] Error 2

Source file was:
#include<cxxabi.h>
intmain(intargc,char**argv){}
